<?xml version="1.0" encoding="UTF-8"?>
<!-- Generated by org.testng.reporters.JUnitReportReporter -->
<testsuite skipped="0" hostname="TVMATP159236L" name="test.SampleTest" tests="1" failures="0" timestamp="2020-07-18T12:48:02 CEST" time="59.847" errors="0">
  <testcase name="amazonAppProductAddition" time="59.847" classname="test.SampleTest"/>
  <system-out/>
</testsuite> <!-- test.SampleTest -->
