<?xml version="1.0" encoding="UTF-8"?>
<!-- Generated by org.testng.reporters.JUnitReportReporter -->
<testsuite skipped="0" hostname="TVMATP159236L" name="eBayAutomation.eBayAutomation.SampleTest" tests="1" failures="0" timestamp="2020-07-15T16:37:52 CEST" time="0.006" errors="0">
  <testcase name="sampleTestHello" time="0.006" classname="eBayAutomation.eBayAutomation.SampleTest"/>
  <system-out/>
</testsuite> <!-- eBayAutomation.eBayAutomation.SampleTest -->
