<?xml version="1.0" encoding="UTF-8"?>
<!-- Generated by org.testng.reporters.JUnitReportReporter -->
<testsuite skipped="0" hostname="TVMATP159236L" name="amazonAutomation.Test.SampleTest" tests="1" failures="0" timestamp="2020-07-18T12:28:49 CEST" time="59.411" errors="0">
  <testcase name="amazonAppProductAddition" time="59.411" classname="amazonAutomation.Test.SampleTest"/>
  <system-out/>
</testsuite> <!-- amazonAutomation.Test.SampleTest -->
